[2020-09-07 17:56:05] main.ERROR: SQLSTATE[HY000] [1045] Access denied for user 'u24025p58112_mg1'@'localhost' (using password: YES) [] []
[2020-09-07 17:56:07] main.ERROR: SQLSTATE[HY000] [1045] Access denied for user 'u24025p58112_mg1'@'localhost' (using password: YES) [] []
[2020-09-07 18:00:32] main.INFO: Cyclic dependency in merged layout for handle: default [] []
[2020-09-07 18:00:32] main.INFO: Broken reference: the 'catalog.compare.sidebar' element cannot be added as child to 'sidebar.additional', because the latter doesn't exist [] []
[2020-09-07 18:00:32] main.INFO: Broken reference: the 'sale.reorder.sidebar' element cannot be added as child to 'sidebar.additional', because the latter doesn't exist [] []
[2020-09-07 18:00:32] main.INFO: Broken reference: the 'wishlist_sidebar' element cannot be added as child to 'sidebar.additional', because the latter doesn't exist [] []
[2020-09-07 18:00:32] main.INFO: Broken reference: the 'sidebar.main.top' element cannot be added as child to 'div.sidebar.main', because the latter doesn't exist [] []
[2020-09-07 18:00:32] main.INFO: Broken reference: the 'sidebar.additional.top' element cannot be added as child to 'div.sidebar.additional', because the latter doesn't exist [] []
[2020-09-07 18:00:32] main.INFO: Broken reference: the 'yotpo_bottomline' element cannot be added as child to 'product.info.main', because the latter doesn't exist [] []
[2020-09-07 18:00:32] main.INFO: Broken reference: the 'paypal.partner.right.logo' element cannot be added as child to 'sidebar.additional', because the latter doesn't exist [] []
[2020-09-07 18:00:32] main.INFO: Broken reference: the 'bml.right.logo' element cannot be added as child to 'sidebar.additional', because the latter doesn't exist [] []
[2020-09-07 18:00:32] main.INFO: Broken reference: the 'filter.category.top.search' tries to reorder itself towards 'top.search', but their parents are different: 'before.body.end' and 'header-wrapper' respectively. [] []
[2020-09-07 18:00:32] main.INFO: Broken reference: the 'top.ajaxsearch.init' tries to reorder itself towards 'top.search', but their parents are different: 'before.body.end' and 'header-wrapper' respectively. [] []
[2020-09-07 18:00:32] main.INFO: Broken reference: the 'sidebar.main.top' tries to reorder itself towards '', but their parents are different: 'div.sidebar.main' and '' respectively. [] []
[2020-09-07 18:00:32] main.INFO: Broken reference: the 'sidebar.additional.top' tries to reorder itself towards '', but their parents are different: 'div.sidebar.additional' and '' respectively. [] []
[2020-09-07 18:00:32] main.INFO: Broken reference: the 'yotpo_bottomline' tries to reorder itself towards 'product.info.addto', but their parents are different: 'product.info.main' and '' respectively. [] []
[2020-09-07 18:00:38] main.ERROR: The specified path is not allowed. [] []
[2020-09-07 18:00:40] main.ERROR: Unable to resolve the source file for 'frontend/Kadel/deprinters/nl_NL/images/catalog/brands/druckerei-broschure-drucken-katalog-preis-kalkulieren.jpg' [] []
[2020-09-07 18:00:40] main.ERROR: Unable to resolve the source file for 'frontend/Kadel/deprinters/nl_NL/images/catalog/brands/online-drucken-preis-vergleichen.jpg' [] []
[2020-09-07 18:00:40] main.CRITICAL: Unable to resolve the source file for 'frontend/Kadel/deprinters/nl_NL/images/catalog/brands/online-drucken-preis-vergleichen.jpg' [] []
[2020-09-07 18:00:40] main.CRITICAL: Unable to resolve the source file for 'frontend/Kadel/deprinters/nl_NL/images/catalog/brands/druckerei-broschure-drucken-katalog-preis-kalkulieren.jpg' [] []
[2020-09-07 18:00:40] main.ERROR: Unable to resolve the source file for 'frontend/Kadel/deprinters/nl_NL/images/catalog/brands/druckerei-buch-drucken-buchdruck-preis-kalkulieren.jpg' [] []
[2020-09-07 18:00:40] main.CRITICAL: Unable to resolve the source file for 'frontend/Kadel/deprinters/nl_NL/images/catalog/brands/druckerei-buch-drucken-buchdruck-preis-kalkulieren.jpg' [] []
[2020-09-07 18:00:40] main.ERROR: Unable to resolve the source file for 'frontend/Kadel/deprinters/nl_NL/images/catalog/brands/drucken-auf-recycling-papier-preis-kalkulieren.jpg' [] []
[2020-09-07 18:00:40] main.CRITICAL: Unable to resolve the source file for 'frontend/Kadel/deprinters/nl_NL/images/catalog/brands/drucken-auf-recycling-papier-preis-kalkulieren.jpg' [] []
[2020-09-07 18:00:40] main.ERROR: Unable to resolve the source file for 'frontend/Kadel/deprinters/nl_NL/images/catalog/brands/online-druckerei-premium-hochwertig-drucksachen-buch-brochure.jpg' [] []
[2020-09-07 18:00:40] main.CRITICAL: Unable to resolve the source file for 'frontend/Kadel/deprinters/nl_NL/images/catalog/brands/online-druckerei-premium-hochwertig-drucksachen-buch-brochure.jpg' [] []
[2020-09-07 18:00:40] main.ERROR: Unable to resolve the source file for 'frontend/Kadel/deprinters/nl_NL/images/catalog/brands/druckerei-klebebindung-drucken-katalog-preis-kalkulieren.jpg' [] []
[2020-09-07 18:00:40] main.CRITICAL: Unable to resolve the source file for 'frontend/Kadel/deprinters/nl_NL/images/catalog/brands/druckerei-klebebindung-drucken-katalog-preis-kalkulieren.jpg' [] []
[2020-09-07 18:00:42] main.ERROR: Unable to resolve the source file for 'frontend/Kadel/deprinters/nl_NL/images/catalog/brands/online-drucken-preis-vergleichen.jpg' [] []
[2020-09-07 18:00:42] main.CRITICAL: Unable to resolve the source file for 'frontend/Kadel/deprinters/nl_NL/images/catalog/brands/online-drucken-preis-vergleichen.jpg' [] []
[2020-09-07 18:00:46] main.ERROR: Unable to resolve the source file for 'frontend/Kadel/deprinters/nl_NL/images/catalog/brands/druckerei-broschure-drucken-katalog-preis-kalkulieren.jpg' [] []
[2020-09-07 18:00:46] main.CRITICAL: Unable to resolve the source file for 'frontend/Kadel/deprinters/nl_NL/images/catalog/brands/druckerei-broschure-drucken-katalog-preis-kalkulieren.jpg' [] []
[2020-09-07 18:00:49] main.ERROR: Unable to resolve the source file for 'frontend/Kadel/deprinters/nl_NL/images/catalog/brands/drucken-auf-recycling-papier-preis-kalkulieren.jpg' [] []
[2020-09-07 18:00:49] main.CRITICAL: Unable to resolve the source file for 'frontend/Kadel/deprinters/nl_NL/images/catalog/brands/drucken-auf-recycling-papier-preis-kalkulieren.jpg' [] []
[2020-09-07 18:00:53] main.ERROR: Unable to resolve the source file for 'frontend/Kadel/deprinters/nl_NL/images/catalog/brands/druckerei-buch-drucken-buchdruck-preis-kalkulieren.jpg' [] []
[2020-09-07 18:00:53] main.CRITICAL: Unable to resolve the source file for 'frontend/Kadel/deprinters/nl_NL/images/catalog/brands/druckerei-buch-drucken-buchdruck-preis-kalkulieren.jpg' [] []
[2020-09-07 18:01:33] main.ERROR: Unable to resolve the source file for 'frontend/Kadel/deprinters/nl_NL/images/catalog/brands/online-druckerei-premium-hochwertig-drucksachen-buch-brochure.jpg' [] []
[2020-09-07 18:01:33] main.CRITICAL: Unable to resolve the source file for 'frontend/Kadel/deprinters/nl_NL/images/catalog/brands/online-druckerei-premium-hochwertig-drucksachen-buch-brochure.jpg' [] []
[2020-09-07 18:01:40] main.ERROR: Unable to resolve the source file for 'frontend/Kadel/deprinters/nl_NL/images/catalog/brands/druckerei-broschure-drucken-katalog-preis-kalkulieren.jpg' [] []
[2020-09-07 18:01:40] main.ERROR: Unable to resolve the source file for 'frontend/Kadel/deprinters/nl_NL/images/catalog/brands/druckerei-klebebindung-drucken-katalog-preis-kalkulieren.jpg' [] []
[2020-09-07 18:01:40] main.CRITICAL: Unable to resolve the source file for 'frontend/Kadel/deprinters/nl_NL/images/catalog/brands/druckerei-broschure-drucken-katalog-preis-kalkulieren.jpg' [] []
[2020-09-07 18:01:40] main.CRITICAL: Unable to resolve the source file for 'frontend/Kadel/deprinters/nl_NL/images/catalog/brands/druckerei-klebebindung-drucken-katalog-preis-kalkulieren.jpg' [] []
[2020-09-07 18:01:40] main.ERROR: Unable to resolve the source file for 'frontend/Kadel/deprinters/nl_NL/images/catalog/brands/online-drucken-preis-vergleichen.jpg' [] []
[2020-09-07 18:01:40] main.CRITICAL: Unable to resolve the source file for 'frontend/Kadel/deprinters/nl_NL/images/catalog/brands/online-drucken-preis-vergleichen.jpg' [] []
[2020-09-07 18:01:40] main.ERROR: Unable to resolve the source file for 'frontend/Kadel/deprinters/nl_NL/images/catalog/brands/online-druckerei-premium-hochwertig-drucksachen-buch-brochure.jpg' [] []
[2020-09-07 18:01:40] main.CRITICAL: Unable to resolve the source file for 'frontend/Kadel/deprinters/nl_NL/images/catalog/brands/online-druckerei-premium-hochwertig-drucksachen-buch-brochure.jpg' [] []
[2020-09-07 18:01:41] main.ERROR: Unable to resolve the source file for 'frontend/Kadel/deprinters/nl_NL/images/catalog/brands/drucken-auf-recycling-papier-preis-kalkulieren.jpg' [] []
[2020-09-07 18:01:41] main.CRITICAL: Unable to resolve the source file for 'frontend/Kadel/deprinters/nl_NL/images/catalog/brands/drucken-auf-recycling-papier-preis-kalkulieren.jpg' [] []
[2020-09-07 18:01:41] main.ERROR: Unable to resolve the source file for 'frontend/Kadel/deprinters/nl_NL/images/catalog/brands/druckerei-buch-drucken-buchdruck-preis-kalkulieren.jpg' [] []
[2020-09-07 18:01:41] main.CRITICAL: Unable to resolve the source file for 'frontend/Kadel/deprinters/nl_NL/images/catalog/brands/druckerei-buch-drucken-buchdruck-preis-kalkulieren.jpg' [] []
[2020-09-07 18:03:02] main.ERROR: Unable to resolve the source file for 'frontend/Kadel/deprinters/nl_NL/images/catalog/brands/online-drucken-preis-vergleichen.jpg' [] []
[2020-09-07 18:03:02] main.CRITICAL: Unable to resolve the source file for 'frontend/Kadel/deprinters/nl_NL/images/catalog/brands/online-drucken-preis-vergleichen.jpg' [] []
[2020-09-07 18:03:56] main.ERROR: Unable to resolve the source file for 'frontend/Kadel/deprinters/nl_NL/images/catalog/brands/druckerei-broschure-drucken-katalog-preis-kalkulieren.jpg' [] []
[2020-09-07 18:03:56] main.CRITICAL: Unable to resolve the source file for 'frontend/Kadel/deprinters/nl_NL/images/catalog/brands/druckerei-broschure-drucken-katalog-preis-kalkulieren.jpg' [] []
[2020-09-07 18:05:18] main.ERROR: Unable to resolve the source file for 'frontend/Kadel/deprinters/nl_NL/images/catalog/brands/drucken-auf-recycling-papier-preis-kalkulieren.jpg' [] []
[2020-09-07 18:05:18] main.CRITICAL: Unable to resolve the source file for 'frontend/Kadel/deprinters/nl_NL/images/catalog/brands/drucken-auf-recycling-papier-preis-kalkulieren.jpg' [] []
[2020-09-07 18:05:26] main.ERROR: Unable to resolve the source file for 'frontend/Kadel/deprinters/nl_NL/images/catalog/brands/druckerei-buch-drucken-buchdruck-preis-kalkulieren.jpg' [] []
[2020-09-07 18:05:26] main.CRITICAL: Unable to resolve the source file for 'frontend/Kadel/deprinters/nl_NL/images/catalog/brands/druckerei-buch-drucken-buchdruck-preis-kalkulieren.jpg' [] []
[2020-09-07 19:03:59] main.ERROR: Unable to resolve the source file for 'frontend/Kadel/deprinters/nl_NL/images/catalog/brands/online-druckerei-premium-hochwertig-drucksachen-buch-brochure.jpg' [] []
[2020-09-07 19:03:59] main.CRITICAL: Unable to resolve the source file for 'frontend/Kadel/deprinters/nl_NL/images/catalog/brands/online-druckerei-premium-hochwertig-drucksachen-buch-brochure.jpg' [] []
[2020-09-07 19:04:11] main.INFO: Cyclic dependency in merged layout for handle: default [] []
[2020-09-07 19:04:12] main.INFO: Broken reference: the 'yotpo_bottomline' element cannot be added as child to 'product.info.main', because the latter doesn't exist [] []
[2020-09-07 19:04:12] main.INFO: Broken reference: the 'filter.category.top.search' tries to reorder itself towards 'top.search', but their parents are different: 'before.body.end' and 'header-wrapper' respectively. [] []
[2020-09-07 19:04:12] main.INFO: Broken reference: the 'top.ajaxsearch.init' tries to reorder itself towards 'top.search', but their parents are different: 'before.body.end' and 'header-wrapper' respectively. [] []
[2020-09-07 19:04:12] main.INFO: Broken reference: the 'yotpo_bottomline' tries to reorder itself towards 'product.info.addto', but their parents are different: 'product.info.main' and '' respectively. [] []
[2020-09-07 19:04:16] main.ERROR: The specified path is not allowed. [] []
[2020-09-07 19:04:37] main.INFO: Broken reference: the 'yotpo_bottomline' element cannot be added as child to 'product.info.main', because the latter doesn't exist [] []
[2020-09-07 19:04:37] main.INFO: Broken reference: the 'filter.category.top.search' tries to reorder itself towards 'top.search', but their parents are different: 'before.body.end' and 'header-wrapper' respectively. [] []
[2020-09-07 19:04:37] main.INFO: Broken reference: the 'top.ajaxsearch.init' tries to reorder itself towards 'top.search', but their parents are different: 'before.body.end' and 'header-wrapper' respectively. [] []
[2020-09-07 19:04:37] main.INFO: Broken reference: the 'yotpo_bottomline' tries to reorder itself towards 'product.info.addto', but their parents are different: 'product.info.main' and '' respectively. [] []
[2020-09-07 19:11:57] main.INFO: Cyclic dependency in merged layout for handle: default [] []
[2020-09-07 19:11:58] main.INFO: Broken reference: the 'yotpo_bottomline' element cannot be added as child to 'product.info.main', because the latter doesn't exist [] []
[2020-09-07 19:11:58] main.INFO: Broken reference: the 'filter.category.top.search' tries to reorder itself towards 'top.search', but their parents are different: 'before.body.end' and 'header-wrapper' respectively. [] []
[2020-09-07 19:11:58] main.INFO: Broken reference: the 'top.ajaxsearch.init' tries to reorder itself towards 'top.search', but their parents are different: 'before.body.end' and 'header-wrapper' respectively. [] []
[2020-09-07 19:11:58] main.INFO: Broken reference: the 'yotpo_bottomline' tries to reorder itself towards 'product.info.addto', but their parents are different: 'product.info.main' and '' respectively. [] []
[2020-09-07 19:14:40] main.INFO: Cyclic dependency in merged layout for handle: default [] []
[2020-09-07 19:14:40] main.INFO: Broken reference: the 'yotpo_bottomline' element cannot be added as child to 'product.info.main', because the latter doesn't exist [] []
[2020-09-07 19:14:40] main.INFO: Broken reference: the 'filter.category.top.search' tries to reorder itself towards 'top.search', but their parents are different: 'before.body.end' and 'header-wrapper' respectively. [] []
[2020-09-07 19:14:40] main.INFO: Broken reference: the 'top.ajaxsearch.init' tries to reorder itself towards 'top.search', but their parents are different: 'before.body.end' and 'header-wrapper' respectively. [] []
[2020-09-07 19:14:40] main.INFO: Broken reference: the 'yotpo_bottomline' tries to reorder itself towards 'product.info.addto', but their parents are different: 'product.info.main' and '' respectively. [] []
[2020-09-07 19:15:16] main.INFO: Broken reference: the 'yotpo_bottomline' element cannot be added as child to 'product.info.main', because the latter doesn't exist [] []
[2020-09-07 19:15:16] main.INFO: Broken reference: the 'filter.category.top.search' tries to reorder itself towards 'top.search', but their parents are different: 'before.body.end' and 'header-wrapper' respectively. [] []
[2020-09-07 19:15:16] main.INFO: Broken reference: the 'top.ajaxsearch.init' tries to reorder itself towards 'top.search', but their parents are different: 'before.body.end' and 'header-wrapper' respectively. [] []
[2020-09-07 19:15:16] main.INFO: Broken reference: the 'yotpo_bottomline' tries to reorder itself towards 'product.info.addto', but their parents are different: 'product.info.main' and '' respectively. [] []
[2020-09-07 19:25:58] main.INFO: Cyclic dependency in merged layout for handle: default [] []
[2020-09-07 19:25:58] main.INFO: Broken reference: the 'yotpo_bottomline' element cannot be added as child to 'product.info.main', because the latter doesn't exist [] []
[2020-09-07 19:25:58] main.INFO: Broken reference: the 'filter.category.top.search' tries to reorder itself towards 'top.search', but their parents are different: 'before.body.end' and 'header-wrapper' respectively. [] []
[2020-09-07 19:25:58] main.INFO: Broken reference: the 'top.ajaxsearch.init' tries to reorder itself towards 'top.search', but their parents are different: 'before.body.end' and 'header-wrapper' respectively. [] []
[2020-09-07 19:25:58] main.INFO: Broken reference: the 'yotpo_bottomline' tries to reorder itself towards 'product.info.addto', but their parents are different: 'product.info.main' and '' respectively. [] []
[2020-09-07 19:26:52] main.ERROR: Command "deploy:det" is not defined.

Did you mean one of these?
    config:set
    deploy:mode:set
    deploy:mode:show
#0 /media/src/vendor/symfony/console/Application.php(226): Symfony\Component\Console\Application->find('deploy:det')
#1 /media/src/vendor/magento/framework/Console/Cli.php(115): Symfony\Component\Console\Application->doRun(Object(Symfony\Component\Console\Input\ArgvInput), Object(Symfony\Component\Console\Output\ConsoleOutput))
#2 /media/src/vendor/symfony/console/Application.php(145): Magento\Framework\Console\Cli->doRun(Object(Symfony\Component\Console\Input\ArgvInput), Object(Symfony\Component\Console\Output\ConsoleOutput))
#3 /media/src/bin/magento(23): Symfony\Component\Console\Application->run()
#4 {main} [] []
[2020-09-07 19:29:46] main.ERROR: Command "deploy:set" is not defined.

Did you mean one of these?
    config:set
    deploy:mode:set
    deploy:mode:show
    indexer:reset
    indexer:set-dimensions-mode
    indexer:set-mode
    sampledata:reset
    yotpo:reset
#0 /media/src/vendor/symfony/console/Application.php(226): Symfony\Component\Console\Application->find('deploy:set')
#1 /media/src/vendor/magento/framework/Console/Cli.php(115): Symfony\Component\Console\Application->doRun(Object(Symfony\Component\Console\Input\ArgvInput), Object(Symfony\Component\Console\Output\ConsoleOutput))
#2 /media/src/vendor/symfony/console/Application.php(145): Magento\Framework\Console\Cli->doRun(Object(Symfony\Component\Console\Input\ArgvInput), Object(Symfony\Component\Console\Output\ConsoleOutput))
#3 /media/src/bin/magento(23): Symfony\Component\Console\Application->run()
#4 {main} [] []
[2020-09-07 19:31:23] main.INFO: Broken reference: the 'tracking' element cannot be added as child to 'header', because the latter doesn't exist [] []
[2020-09-07 19:31:23] main.INFO: Broken reference: the 'global_notices' element cannot be added as child to 'global.notices', because the latter doesn't exist [] []
[2020-09-07 19:31:23] main.INFO: Broken reference: the 'logo' element cannot be added as child to 'header', because the latter doesn't exist [] []
[2020-09-07 19:31:23] main.INFO: Broken reference: the 'global.search' element cannot be added as child to 'header', because the latter doesn't exist [] []
[2020-09-07 19:31:23] main.INFO: Broken reference: the 'user' element cannot be added as child to 'header', because the latter doesn't exist [] []
[2020-09-07 19:31:23] main.INFO: Broken reference: the 'menu' element cannot be added as child to 'page.menu', because the latter doesn't exist [] []
[2020-09-07 19:31:23] main.INFO: Broken reference: the 'breadcrumbs' element cannot be added as child to 'page.breadcrumbs', because the latter doesn't exist [] []
[2020-09-07 19:31:23] main.INFO: Broken reference: the 'formkey' element cannot be added as child to 'page.formkey', because the latter doesn't exist [] []
[2020-09-07 19:31:23] main.INFO: Broken reference: the 'page.title' element cannot be added as child to 'main.top', because the latter doesn't exist [] []
[2020-09-07 19:31:23] main.INFO: Broken reference: the 'messages' element cannot be added as child to 'page.messages', because the latter doesn't exist [] []
[2020-09-07 19:31:23] main.INFO: Broken reference: the 'page.actions.toolbar' element cannot be added as child to 'page.main.actions', because the latter doesn't exist [] []
[2020-09-07 19:31:23] main.INFO: Broken reference: the 'legal' element cannot be added as child to 'footer', because the latter doesn't exist [] []
[2020-09-07 19:31:23] main.INFO: Broken reference: the 'notification_area' element cannot be added as child to 'notifications', because the latter doesn't exist [] []
[2020-09-07 19:31:23] main.INFO: Broken reference: the 'unread_system_messages' element cannot be added as child to 'notifications', because the latter doesn't exist [] []
[2020-09-07 19:31:23] main.INFO: Broken reference: the 'notification_window' element cannot be added as child to 'notifications', because the latter doesn't exist [] []
[2020-09-07 19:31:23] main.INFO: Broken reference: the 'notification.messages' element cannot be added as child to 'header', because the latter doesn't exist [] []
[2020-09-07 19:31:23] main.INFO: Broken reference: the 'header.inner.left' element cannot be added as child to 'header', because the latter doesn't exist [] []
[2020-09-07 19:31:23] main.INFO: Broken reference: the 'header.inner.right' element cannot be added as child to 'header', because the latter doesn't exist [] []
[2020-09-07 19:31:23] main.INFO: Broken reference: the 'logo' tries to reorder itself towards '', but their parents are different: 'header' and '' respectively. [] []
[2020-09-07 19:31:23] main.INFO: Broken reference: the 'global.search' tries to reorder itself towards 'logo', but their parents are different: 'header' and '' respectively. [] []
[2020-09-07 19:31:23] main.INFO: Broken reference: the 'user' tries to reorder itself towards '', but their parents are different: 'header' and '' respectively. [] []
[2020-09-07 19:31:23] main.INFO: Broken reference: the 'page.actions.toolbar' tries to reorder itself towards '', but their parents are different: 'page.main.actions' and '' respectively. [] []
[2020-09-07 19:31:23] main.INFO: Broken reference: the 'notification.messages' tries to reorder itself towards 'user', but their parents are different: 'header' and '' respectively. [] []
[2020-09-07 19:31:23] main.INFO: Broken reference: the 'header.inner.left' tries to reorder itself towards '', but their parents are different: 'header' and '' respectively. [] []
[2020-09-07 19:31:23] main.INFO: Broken reference: the 'header.inner.right' tries to reorder itself towards 'header.inner.left', but their parents are different: 'header' and '' respectively. [] []
